<?xml version="1.0" encoding="UTF-8"?>
<testng-results ignored="0" total="1" passed="1" failed="0" skipped="0">
  <reporter-output>
  </reporter-output>
  <suite started-at="2022-10-07T00:36:03 IST" name="Default suite" finished-at="2022-10-07T00:36:07 IST" duration-ms="4127">
    <groups>
    </groups>
    <test started-at="2022-10-07T00:36:03 IST" name="Default test" finished-at="2022-10-07T00:36:07 IST" duration-ms="4127">
      <class name="interview.TestVagrant">
        <test-method signature="testGet()[pri:0, instance:interview.TestVagrant@78ffe6dc]" started-at="2022-10-07T00:36:03 IST" name="testGet" finished-at="2022-10-07T00:36:07 IST" duration-ms="4051" status="PASS">
          <reporter-output>
          </reporter-output>
        </test-method> <!-- testGet -->
      </class> <!-- interview.TestVagrant -->
    </test> <!-- Default test -->
  </suite> <!-- Default suite -->
</testng-results>
