<?xml version="1.0" encoding="UTF-8"?>
<!-- Generated by org.testng.reporters.JUnitXMLReporter -->
<testsuite ignored="1" hostname="DESKTOP-2JQ4EAS" failures="0" tests="1" name="Default test" time="4.981" errors="0" timestamp="2022-09-22T20:37:28 IST">
  <testcase classname="serializationanddeserialization.PutRequestForSerializationDeserialization" name="putRequestByAnotherMethod" time="4.895"/>
  <testcase classname="serializationanddeserialization.PutRequestForSerializationDeserialization" name="putrequest" time="0.0">
    <ignored/>
  </testcase> <!-- putrequest -->
</testsuite> <!-- Default test -->
